# JRE version: 7.0_07-b11
# Java VM: Java HotSpot(TM) 64-Bit Server VM (23.3-b01 mixed mode windows-amd64 compressed oops)
Heap
 PSYoungGen      total 1281408K, used 50419K [0x00000007558b0000, 0x00000007d2a00000, 0x0000000800000000)
  eden space 1280832K, 3% used [0x00000007558b0000,0x00000007589ecd48,0x00000007a3b80000)
  from space 576K, 0% used [0x00000007d28e0000,0x00000007d28e0000,0x00000007d2970000)
  to   space 576K, 0% used [0x00000007d2970000,0x00000007d2970000,0x00000007d2a00000)
 ParOldGen       total 348288K, used 3644K [0x0000000600a00000, 0x0000000615e20000, 0x00000007558b0000)
  object space 348288K, 1% used [0x0000000600a00000,0x0000000600d8f1e0,0x0000000615e20000)
 PSPermGen       total 21504K, used 16884K [0x00000005fb800000, 0x00000005fcd00000, 0x0000000600a00000)
  object space 21504K, 78% used [0x00000005fb800000,0x00000005fc87d038,0x00000005fcd00000)
GC Heap History (10 events):
Event: 1074.963 GC heap before
{Heap before GC invocations=374 (full 123):
 PSYoungGen      total 1281472K, used 160K [0x00000007558b0000, 0x00000007d2a90000, 0x0000000800000000)
  eden space 1280832K, 0% used [0x00000007558b0000,0x00000007558b0000,0x00000007a3b80000)
  from space 640K, 25% used [0x00000007d2950000,0x00000007d2978000,0x00000007d29f0000)
  to   space 640K, 0% used [0x00000007d29f0000,0x00000007d29f0000,0x00000007d2a90000)
 ParOldGen       total 348288K, used 3644K [0x0000000600a00000, 0x0000000615e20000, 0x00000007558b0000)
  object space 348288K, 1% used [0x0000000600a00000,0x0000000600d8f2b0,0x0000000615e20000)
 PSPermGen       total 21504K, used 16874K [0x00000005fb800000, 0x00000005fcd00000, 0x0000000600a00000)
  object space 21504K, 78% used [0x00000005fb800000,0x00000005fc87a960,0x00000005fcd00000)
Event: 1074.979 GC heap after
Heap after GC invocations=374 (full 123):
 PSYoungGen      total 1281472K, used 0K [0x00000007558b0000, 0x00000007d2a90000, 0x0000000800000000)
  eden space 1280832K, 0% used [0x00000007558b0000,0x00000007558b0000,0x00000007a3b80000)
  from space 640K, 0% used [0x00000007d2950000,0x00000007d2950000,0x00000007d29f0000)
  to   space 640K, 0% used [0x00000007d29f0000,0x00000007d29f0000,0x00000007d2a90000)
 ParOldGen       total 348288K, used 3646K [0x0000000600a00000, 0x0000000615e20000, 0x00000007558b0000)
  object space 348288K, 1% used [0x0000000600a00000,0x0000000600d8f840,0x0000000615e20000)
 PSPermGen       total 21504K, used 16874K [0x00000005fb800000, 0x00000005fcd00000, 0x0000000600a00000)
  object space 21504K, 78% used [0x00000005fb800000,0x00000005fc87a960,0x00000005fcd00000)
}
Event: 1074.979 GC heap before
{Heap before GC invocations=375 (full 123):
 PSYoungGen      total 1281472K, used 0K [0x00000007558b0000, 0x00000007d2a90000, 0x0000000800000000)
  eden space 1280832K, 0% used [0x00000007558b0000,0x00000007558b0000,0x00000007a3b80000)
  from space 640K, 0% used [0x00000007d2950000,0x00000007d2950000,0x00000007d29f0000)
  to   space 640K, 0% used [0x00000007d29f0000,0x00000007d29f0000,0x00000007d2a90000)
 ParOldGen       total 348288K, used 3646K [0x0000000600a00000, 0x0000000615e20000, 0x00000007558b0000)
  object space 348288K, 1% used [0x0000000600a00000,0x0000000600d8f840,0x0000000615e20000)
 PSPermGen       total 21504K, used 16874K [0x00000005fb800000, 0x00000005fcd00000, 0x0000000600a00000)
  object space 21504K, 78% used [0x00000005fb800000,0x00000005fc87a960,0x00000005fcd00000)
Event: 1074.979 GC heap after
Heap after GC invocations=375 (full 123):
 PSYoungGen      total 1280896K, used 0K [0x00000007558b0000, 0x00000007d2a00000, 0x0000000800000000)
  eden space 1280832K, 0% used [0x00000007558b0000,0x00000007558b0000,0x00000007a3b80000)
  from space 64K, 0% used [0x00000007d29f0000,0x00000007d29f0000,0x00000007d2a00000)
  to   space 576K, 0% used [0x00000007d28e0000,0x00000007d28e0000,0x00000007d2970000)
 ParOldGen       total 348288K, used 3646K [0x0000000600a00000, 0x0000000615e20000, 0x00000007558b0000)
  object space 348288K, 1% used [0x0000000600a00000,0x0000000600d8f840,0x0000000615e20000)
 PSPermGen       total 21504K, used 16874K [0x00000005fb800000, 0x00000005fcd00000, 0x0000000600a00000)
  object space 21504K, 78% used [0x00000005fb800000,0x00000005fc87a960,0x00000005fcd00000)
}
Event: 1074.979 GC heap before
{Heap before GC invocations=376 (full 124):
 PSYoungGen      total 1280896K, used 0K [0x00000007558b0000, 0x00000007d2a00000, 0x0000000800000000)
  eden space 1280832K, 0% used [0x00000007558b0000,0x00000007558b0000,0x00000007a3b80000)
  from space 64K, 0% used [0x00000007d29f0000,0x00000007d29f0000,0x00000007d2a00000)
  to   space 576K, 0% used [0x00000007d28e0000,0x00000007d28e0000,0x00000007d2970000)
 ParOldGen       total 348288K, used 3646K [0x0000000600a00000, 0x0000000615e20000, 0x00000007558b0000)
  object space 348288K, 1% used [0x0000000600a00000,0x0000000600d8f840,0x0000000615e20000)
 PSPermGen       total 21504K, used 16874K [0x00000005fb800000, 0x00000005fcd00000, 0x0000000600a00000)
  object space 21504K, 78% used [0x00000005fb800000,0x00000005fc87a960,0x00000005fcd00000)
Event: 1074.995 GC heap after
Heap after GC invocations=376 (full 124):
 PSYoungGen      total 1280896K, used 0K [0x00000007558b0000, 0x00000007d2a00000, 0x0000000800000000)
  eden space 1280832K, 0% used [0x00000007558b0000,0x00000007558b0000,0x00000007a3b80000)
  from space 64K, 0% used [0x00000007d29f0000,0x00000007d29f0000,0x00000007d2a00000)
  to   space 576K, 0% used [0x00000007d28e0000,0x00000007d28e0000,0x00000007d2970000)
 ParOldGen       total 348288K, used 3646K [0x0000000600a00000, 0x0000000615e20000, 0x00000007558b0000)
  object space 348288K, 1% used [0x0000000600a00000,0x0000000600d8f840,0x0000000615e20000)
 PSPermGen       total 21504K, used 16874K [0x00000005fb800000, 0x00000005fcd00000, 0x0000000600a00000)
  object space 21504K, 78% used [0x00000005fb800000,0x00000005fc87a960,0x00000005fcd00000)
}
Event: 1074.995 GC heap before
{Heap before GC invocations=377 (full 124):
 PSYoungGen      total 1280896K, used 0K [0x00000007558b0000, 0x00000007d2a00000, 0x0000000800000000)
  eden space 1280832K, 0% used [0x00000007558b0000,0x00000007558b0000,0x00000007a3b80000)
  from space 64K, 0% used [0x00000007d29f0000,0x00000007d29f0000,0x00000007d2a00000)
  to   space 576K, 0% used [0x00000007d28e0000,0x00000007d28e0000,0x00000007d2970000)
 ParOldGen       total 348288K, used 3646K [0x0000000600a00000, 0x0000000615e20000, 0x00000007558b0000)
  object space 348288K, 1% used [0x0000000600a00000,0x0000000600d8f840,0x0000000615e20000)
 PSPermGen       total 21504K, used 16874K [0x00000005fb800000, 0x00000005fcd00000, 0x0000000600a00000)
  object space 21504K, 78% used [0x00000005fb800000,0x00000005fc87a960,0x00000005fcd00000)
Event: 1074.995 GC heap after
Heap after GC invocations=377 (full 124):
 PSYoungGen      total 1281408K, used 0K [0x00000007558b0000, 0x00000007d2a00000, 0x0000000800000000)
  eden space 1280832K, 0% used [0x00000007558b0000,0x00000007558b0000,0x00000007a3b80000)
  from space 576K, 0% used [0x00000007d28e0000,0x00000007d28e0000,0x00000007d2970000)
  to   space 576K, 0% used [0x00000007d2970000,0x00000007d2970000,0x00000007d2a00000)
 ParOldGen       total 348288K, used 3646K [0x0000000600a00000, 0x0000000615e20000, 0x00000007558b0000)
  object space 348288K, 1% used [0x0000000600a00000,0x0000000600d8f840,0x0000000615e20000)
 PSPermGen       total 21504K, used 16874K [0x00000005fb800000, 0x00000005fcd00000, 0x0000000600a00000)
  object space 21504K, 78% used [0x00000005fb800000,0x00000005fc87a960,0x00000005fcd00000)
}
Event: 1074.995 GC heap before
{Heap before GC invocations=378 (full 125):
 PSYoungGen      total 1281408K, used 0K [0x00000007558b0000, 0x00000007d2a00000, 0x0000000800000000)
  eden space 1280832K, 0% used [0x00000007558b0000,0x00000007558b0000,0x00000007a3b80000)
  from space 576K, 0% used [0x00000007d28e0000,0x00000007d28e0000,0x00000007d2970000)
  to   space 576K, 0% used [0x00000007d2970000,0x00000007d2970000,0x00000007d2a00000)
 ParOldGen       total 348288K, used 3646K [0x0000000600a00000, 0x0000000615e20000, 0x00000007558b0000)
  object space 348288K, 1% used [0x0000000600a00000,0x0000000600d8f840,0x0000000615e20000)
 PSPermGen       total 21504K, used 16874K [0x00000005fb800000, 0x00000005fcd00000, 0x0000000600a00000)
  object space 21504K, 78% used [0x00000005fb800000,0x00000005fc87a960,0x00000005fcd00000)
Event: 1075.011 GC heap after
Heap after GC invocations=378 (full 125):
 PSYoungGen      total 1281408K, used 0K [0x00000007558b0000, 0x00000007d2a00000, 0x0000000800000000)
  eden space 1280832K, 0% used [0x00000007558b0000,0x00000007558b0000,0x00000007a3b80000)
  from space 576K, 0% used [0x00000007d28e0000,0x00000007d28e0000,0x00000007d2970000)
  to   space 576K, 0% used [0x00000007d2970000,0x00000007d2970000,0x00000007d2a00000)
 ParOldGen       total 348288K, used 3644K [0x0000000600a00000, 0x0000000615e20000, 0x00000007558b0000)
  object space 348288K, 1% used [0x0000000600a00000,0x0000000600d8f1e0,0x0000000615e20000)
 PSPermGen       total 21504K, used 16874K [0x00000005fb800000, 0x00000005fcd00000, 0x0000000600a00000)
  object space 21504K, 78% used [0x00000005fb800000,0x00000005fc87a960,0x00000005fcd00000)
}

